This file contains any messages produced by compilers while
running configure, to aid debugging if configure makes a mistake.

It was created by gtkmm configure 2.14.5, which was
generated by GNU Autoconf 2.63.  Invocation command line was

  $ ./configure 

## --------- ##
## Platform. ##
## --------- ##

hostname = meinersbur-desktop
uname -m = x86_64
uname -r = 2.6.35-28-generic
uname -s = Linux
uname -v = #50-Ubuntu SMP Fri Mar 18 18:42:20 UTC 2011

/usr/bin/uname -p = unknown
/bin/uname -X     = unknown

/bin/arch              = unknown
/usr/bin/arch -k       = unknown
/usr/convex/getsysinfo = unknown
/usr/bin/hostinfo      = unknown
/bin/machine           = unknown
/usr/bin/oslevel       = unknown
/bin/universe          = unknown

PATH: /usr/local/sbin
PATH: /usr/local/bin
PATH: /usr/sbin
PATH: /usr/bin
PATH: /sbin
PATH: /bin
PATH: /usr/games
PATH: /home/meinersbur/tom/bin


## ----------- ##
## Core tests. ##
## ----------- ##

configure:2213: checking for a BSD-compatible install
configure:2281: result: /usr/bin/install -c
configure:2292: checking whether build environment is sane
configure:2335: result: yes
configure:2360: checking for a thread-safe mkdir -p
configure:2399: result: /bin/mkdir -p
configure:2412: checking for gawk
configure:2428: found /usr/bin/gawk
configure:2439: result: gawk
configure:2450: checking whether make sets $(MAKE)
configure:2472: result: yes
configure:2651: checking how to create a ustar tar archive
configure:2664: tar --version
tar (GNU tar) 1.23
Copyright (C) 2010 Free Software Foundation, Inc.
License GPLv3+: GNU GPL version 3 or later <http://gnu.org/licenses/gpl.html>.
This is free software: you are free to change and redistribute it.
There is NO WARRANTY, to the extent permitted by law.

Written by John Gilmore and Jay Fenlason.
configure:2667: $? = 0
configure:2707: tardir=conftest.dir && eval tar --format=ustar -chf - "$tardir" >conftest.tar
configure:2710: $? = 0
configure:2714: tar -xf - <conftest.tar
configure:2717: $? = 0
configure:2730: result: gnutar
configure:2740: checking whether to enable maintainer-specific portions of Makefiles
configure:2749: result: no
configure:2826: checking for gcc
configure:2842: found /usr/bin/gcc
configure:2853: result: gcc
configure:3085: checking for C compiler version
configure:3093: gcc --version >&5
gcc (Ubuntu/Linaro 4.4.4-14ubuntu5) 4.4.5
Copyright (C) 2010 Free Software Foundation, Inc.
This is free software; see the source for copying conditions.  There is NO
warranty; not even for MERCHANTABILITY or FITNESS FOR A PARTICULAR PURPOSE.

configure:3097: $? = 0
configure:3104: gcc -v >&5
Using built-in specs.
Target: x86_64-linux-gnu
Configured with: ../src/configure -v --with-pkgversion='Ubuntu/Linaro 4.4.4-14ubuntu5' --with-bugurl=file:///usr/share/doc/gcc-4.4/README.Bugs --enable-languages=c,c++,fortran,objc,obj-c++ --prefix=/usr --program-suffix=-4.4 --enable-shared --enable-multiarch --enable-linker-build-id --with-system-zlib --libexecdir=/usr/lib --without-included-gettext --enable-threads=posix --with-gxx-include-dir=/usr/include/c++/4.4 --libdir=/usr/lib --enable-nls --with-sysroot=/ --enable-clocale=gnu --enable-libstdcxx-debug --enable-objc-gc --disable-werror --with-arch-32=i686 --with-tune=generic --enable-checking=release --build=x86_64-linux-gnu --host=x86_64-linux-gnu --target=x86_64-linux-gnu
Thread model: posix
gcc version 4.4.5 (Ubuntu/Linaro 4.4.4-14ubuntu5) 
configure:3108: $? = 0
configure:3115: gcc -V >&5
gcc: '-V' option must have argument
configure:3119: $? = 1
configure:3142: checking for C compiler default output file name
configure:3164: gcc    conftest.c  >&5
configure:3168: $? = 0
configure:3206: result: a.out
configure:3225: checking whether the C compiler works
configure:3235: ./a.out
configure:3239: $? = 0
configure:3258: result: yes
configure:3265: checking whether we are cross compiling
configure:3267: result: no
configure:3270: checking for suffix of executables
configure:3277: gcc -o conftest    conftest.c  >&5
configure:3281: $? = 0
configure:3307: result: 
configure:3313: checking for suffix of object files
configure:3339: gcc -c   conftest.c >&5
configure:3343: $? = 0
configure:3368: result: o
configure:3372: checking whether we are using the GNU C compiler
configure:3401: gcc -c   conftest.c >&5
configure:3408: $? = 0
configure:3425: result: yes
configure:3434: checking whether gcc accepts -g
configure:3464: gcc -c -g  conftest.c >&5
configure:3471: $? = 0
configure:3572: result: yes
configure:3589: checking for gcc option to accept ISO C89
configure:3663: gcc  -c -g -O2  conftest.c >&5
configure:3670: $? = 0
configure:3693: result: none needed
configure:3722: checking for style of include used by make
configure:3750: result: GNU
configure:3775: checking dependency style of gcc
configure:3866: result: gcc3
configure:3886: checking how to run the C preprocessor
configure:3926: gcc -E  conftest.c
configure:3933: $? = 0
configure:3964: gcc -E  conftest.c
conftest.c:13: fatal error: ac_nonexistent.h: No such file or directory
compilation terminated.
configure:3971: $? = 1
configure: failed program was:
| /* confdefs.h.  */
| #define PACKAGE_NAME "gtkmm"
| #define PACKAGE_TARNAME "gtkmm"
| #define PACKAGE_VERSION "2.14.5"
| #define PACKAGE_STRING "gtkmm 2.14.5"
| #define PACKAGE_BUGREPORT "gtkmm-list@gnome.org"
| #define GTKMM_MAJOR_VERSION 2
| #define GTKMM_MINOR_VERSION 14
| #define GTKMM_MICRO_VERSION 5
| #define PACKAGE "gtkmm"
| #define VERSION "2.14.5"
| /* end confdefs.h.  */
| #include <ac_nonexistent.h>
configure:4004: result: gcc -E
configure:4033: gcc -E  conftest.c
configure:4040: $? = 0
configure:4071: gcc -E  conftest.c
conftest.c:13: fatal error: ac_nonexistent.h: No such file or directory
compilation terminated.
configure:4078: $? = 1
configure: failed program was:
| /* confdefs.h.  */
| #define PACKAGE_NAME "gtkmm"
| #define PACKAGE_TARNAME "gtkmm"
| #define PACKAGE_VERSION "2.14.5"
| #define PACKAGE_STRING "gtkmm 2.14.5"
| #define PACKAGE_BUGREPORT "gtkmm-list@gnome.org"
| #define GTKMM_MAJOR_VERSION 2
| #define GTKMM_MINOR_VERSION 14
| #define GTKMM_MICRO_VERSION 5
| #define PACKAGE "gtkmm"
| #define VERSION "2.14.5"
| /* end confdefs.h.  */
| #include <ac_nonexistent.h>
configure:4175: checking for g++
configure:4191: found /usr/bin/g++
configure:4202: result: g++
configure:4229: checking for C++ compiler version
configure:4237: g++ --version >&5
g++ (Ubuntu/Linaro 4.4.4-14ubuntu5) 4.4.5
Copyright (C) 2010 Free Software Foundation, Inc.
This is free software; see the source for copying conditions.  There is NO
warranty; not even for MERCHANTABILITY or FITNESS FOR A PARTICULAR PURPOSE.

configure:4241: $? = 0
configure:4248: g++ -v >&5
Using built-in specs.
Target: x86_64-linux-gnu
Configured with: ../src/configure -v --with-pkgversion='Ubuntu/Linaro 4.4.4-14ubuntu5' --with-bugurl=file:///usr/share/doc/gcc-4.4/README.Bugs --enable-languages=c,c++,fortran,objc,obj-c++ --prefix=/usr --program-suffix=-4.4 --enable-shared --enable-multiarch --enable-linker-build-id --with-system-zlib --libexecdir=/usr/lib --without-included-gettext --enable-threads=posix --with-gxx-include-dir=/usr/include/c++/4.4 --libdir=/usr/lib --enable-nls --with-sysroot=/ --enable-clocale=gnu --enable-libstdcxx-debug --enable-objc-gc --disable-werror --with-arch-32=i686 --with-tune=generic --enable-checking=release --build=x86_64-linux-gnu --host=x86_64-linux-gnu --target=x86_64-linux-gnu
Thread model: posix
gcc version 4.4.5 (Ubuntu/Linaro 4.4.4-14ubuntu5) 
configure:4252: $? = 0
configure:4259: g++ -V >&5
g++: '-V' option must have argument
configure:4263: $? = 1
configure:4266: checking whether we are using the GNU C++ compiler
configure:4295: g++ -c   conftest.cpp >&5
configure:4302: $? = 0
configure:4319: result: yes
configure:4328: checking whether g++ accepts -g
configure:4358: g++ -c -g  conftest.cpp >&5
configure:4365: $? = 0
configure:4466: result: yes
configure:4491: checking dependency style of g++
configure:4582: result: gcc3
configure:4597: checking whether make sets $(MAKE)
configure:4619: result: yes
configure:4634: checking build system type
configure:4652: result: x86_64-unknown-linux-gnu
configure:4674: checking host system type
configure:4689: result: x86_64-unknown-linux-gnu
configure:4712: checking for some Win32 platform
configure:4722: result: no
configure:4733: checking for native Win32
configure:4743: result: no
configure:5113: checking for a sed that does not truncate output
configure:5179: result: /bin/sed
configure:5197: checking for grep that handles long lines and -e
configure:5257: result: /bin/grep
configure:5262: checking for egrep
configure:5326: result: /bin/grep -E
configure:5331: checking for fgrep
configure:5395: result: /bin/grep -F
configure:5430: checking for ld used by gcc
configure:5497: result: /usr/bin/ld
configure:5506: checking if the linker (/usr/bin/ld) is GNU ld
configure:5521: result: yes
configure:5533: checking for BSD- or MS-compatible name lister (nm)
configure:5582: result: /usr/bin/nm -B
configure:5700: checking the name lister (/usr/bin/nm -B) interface
configure:5707: gcc -c -g -O2  conftest.c >&5
configure:5710: /usr/bin/nm -B "conftest.o"
configure:5713: output
0000000000000000 B some_variable
configure:5720: result: BSD nm
configure:5723: checking whether ln -s works
configure:5727: result: yes
configure:5735: checking the maximum length of command line arguments
configure:5855: result: 1572864
configure:5872: checking whether the shell understands some XSI constructs
configure:5882: result: yes
configure:5886: checking whether the shell understands "+="
configure:5892: result: yes
configure:5927: checking for /usr/bin/ld option to reload object files
configure:5934: result: -r
configure:6003: checking for objdump
configure:6030: result: objdump
configure:6059: checking how to recognize dependent libraries
configure:6255: result: pass_all
configure:6315: checking for ar
configure:6331: found /usr/bin/ar
configure:6342: result: ar
configure:6420: checking for strip
configure:6436: found /usr/bin/strip
configure:6447: result: strip
configure:6519: checking for ranlib
configure:6535: found /usr/bin/ranlib
configure:6546: result: ranlib
configure:6636: checking command to parse /usr/bin/nm -B output from gcc object
configure:6754: gcc -c -g -O2  conftest.c >&5
configure:6757: $? = 0
configure:6761: /usr/bin/nm -B conftest.o \| sed -n -e 's/^.*[	 ]\([ABCDGIRSTW][ABCDGIRSTW]*\)[	 ][	 ]*\([_A-Za-z][_A-Za-z0-9]*\)$/\1 \2 \2/p' \> conftest.nm
configure:6764: $? = 0
configure:6818: gcc -o conftest -g -O2   conftest.c conftstm.o >&5
configure:6821: $? = 0
configure:6859: result: ok
configure:6955: gcc -c -g -O2  conftest.c >&5
configure:6958: $? = 0
configure:7722: checking for ANSI C header files
configure:7752: gcc -c -g -O2  conftest.c >&5
configure:7759: $? = 0
configure:7858: gcc -o conftest -g -O2   conftest.c  >&5
configure:7862: $? = 0
configure:7868: ./conftest
configure:7872: $? = 0
configure:7890: result: yes
configure:7914: checking for sys/types.h
configure:7935: gcc -c -g -O2  conftest.c >&5
configure:7942: $? = 0
configure:7959: result: yes
configure:7914: checking for sys/stat.h
configure:7935: gcc -c -g -O2  conftest.c >&5
configure:7942: $? = 0
configure:7959: result: yes
configure:7914: checking for stdlib.h
configure:7935: gcc -c -g -O2  conftest.c >&5
configure:7942: $? = 0
configure:7959: result: yes
configure:7914: checking for string.h
configure:7935: gcc -c -g -O2  conftest.c >&5
configure:7942: $? = 0
configure:7959: result: yes
configure:7914: checking for memory.h
configure:7935: gcc -c -g -O2  conftest.c >&5
configure:7942: $? = 0
configure:7959: result: yes
configure:7914: checking for strings.h
configure:7935: gcc -c -g -O2  conftest.c >&5
configure:7942: $? = 0
configure:7959: result: yes
configure:7914: checking for inttypes.h
configure:7935: gcc -c -g -O2  conftest.c >&5
configure:7942: $? = 0
configure:7959: result: yes
configure:7914: checking for stdint.h
configure:7935: gcc -c -g -O2  conftest.c >&5
configure:7942: $? = 0
configure:7959: result: yes
configure:7914: checking for unistd.h
configure:7935: gcc -c -g -O2  conftest.c >&5
configure:7942: $? = 0
configure:7959: result: yes
configure:7977: checking for dlfcn.h
configure:7998: gcc -c -g -O2  conftest.c >&5
configure:8005: $? = 0
configure:8022: result: yes
configure:8149: checking for C++ compiler version
configure:8157: g++ --version >&5
g++ (Ubuntu/Linaro 4.4.4-14ubuntu5) 4.4.5
Copyright (C) 2010 Free Software Foundation, Inc.
This is free software; see the source for copying conditions.  There is NO
warranty; not even for MERCHANTABILITY or FITNESS FOR A PARTICULAR PURPOSE.

configure:8161: $? = 0
configure:8168: g++ -v >&5
Using built-in specs.
Target: x86_64-linux-gnu
Configured with: ../src/configure -v --with-pkgversion='Ubuntu/Linaro 4.4.4-14ubuntu5' --with-bugurl=file:///usr/share/doc/gcc-4.4/README.Bugs --enable-languages=c,c++,fortran,objc,obj-c++ --prefix=/usr --program-suffix=-4.4 --enable-shared --enable-multiarch --enable-linker-build-id --with-system-zlib --libexecdir=/usr/lib --without-included-gettext --enable-threads=posix --with-gxx-include-dir=/usr/include/c++/4.4 --libdir=/usr/lib --enable-nls --with-sysroot=/ --enable-clocale=gnu --enable-libstdcxx-debug --enable-objc-gc --disable-werror --with-arch-32=i686 --with-tune=generic --enable-checking=release --build=x86_64-linux-gnu --host=x86_64-linux-gnu --target=x86_64-linux-gnu
Thread model: posix
gcc version 4.4.5 (Ubuntu/Linaro 4.4.4-14ubuntu5) 
configure:8172: $? = 0
configure:8179: g++ -V >&5
g++: '-V' option must have argument
configure:8183: $? = 1
configure:8186: checking whether we are using the GNU C++ compiler
configure:8239: result: yes
configure:8248: checking whether g++ accepts -g
configure:8386: result: yes
configure:8411: checking dependency style of g++
configure:8502: result: gcc3
configure:8525: checking how to run the C++ preprocessor
configure:8561: g++ -E  conftest.cpp
configure:8568: $? = 0
configure:8599: g++ -E  conftest.cpp
conftest.cpp:24: fatal error: ac_nonexistent.h: No such file or directory
compilation terminated.
configure:8606: $? = 1
configure: failed program was:
| /* confdefs.h.  */
| #define PACKAGE_NAME "gtkmm"
| #define PACKAGE_TARNAME "gtkmm"
| #define PACKAGE_VERSION "2.14.5"
| #define PACKAGE_STRING "gtkmm 2.14.5"
| #define PACKAGE_BUGREPORT "gtkmm-list@gnome.org"
| #define GTKMM_MAJOR_VERSION 2
| #define GTKMM_MINOR_VERSION 14
| #define GTKMM_MICRO_VERSION 5
| #define PACKAGE "gtkmm"
| #define VERSION "2.14.5"
| #define STDC_HEADERS 1
| #define HAVE_SYS_TYPES_H 1
| #define HAVE_SYS_STAT_H 1
| #define HAVE_STDLIB_H 1
| #define HAVE_STRING_H 1
| #define HAVE_MEMORY_H 1
| #define HAVE_STRINGS_H 1
| #define HAVE_INTTYPES_H 1
| #define HAVE_STDINT_H 1
| #define HAVE_UNISTD_H 1
| #define HAVE_DLFCN_H 1
| /* end confdefs.h.  */
| #include <ac_nonexistent.h>
configure:8639: result: g++ -E
configure:8668: g++ -E  conftest.cpp
configure:8675: $? = 0
configure:8706: g++ -E  conftest.cpp
conftest.cpp:24: fatal error: ac_nonexistent.h: No such file or directory
compilation terminated.
configure:8713: $? = 1
configure: failed program was:
| /* confdefs.h.  */
| #define PACKAGE_NAME "gtkmm"
| #define PACKAGE_TARNAME "gtkmm"
| #define PACKAGE_VERSION "2.14.5"
| #define PACKAGE_STRING "gtkmm 2.14.5"
| #define PACKAGE_BUGREPORT "gtkmm-list@gnome.org"
| #define GTKMM_MAJOR_VERSION 2
| #define GTKMM_MINOR_VERSION 14
| #define GTKMM_MICRO_VERSION 5
| #define PACKAGE "gtkmm"
| #define VERSION "2.14.5"
| #define STDC_HEADERS 1
| #define HAVE_SYS_TYPES_H 1
| #define HAVE_SYS_STAT_H 1
| #define HAVE_STDLIB_H 1
| #define HAVE_STRING_H 1
| #define HAVE_MEMORY_H 1
| #define HAVE_STRINGS_H 1
| #define HAVE_INTTYPES_H 1
| #define HAVE_STDINT_H 1
| #define HAVE_UNISTD_H 1
| #define HAVE_DLFCN_H 1
| /* end confdefs.h.  */
| #include <ac_nonexistent.h>
configure:8895: checking for objdir
configure:8910: result: .libs
configure:9202: checking if gcc supports -fno-rtti -fno-exceptions
configure:9220: gcc -c -g -O2  -fno-rtti -fno-exceptions conftest.c >&5
cc1: warning: command line option "-fno-rtti" is valid for C++/ObjC++ but not for C
configure:9224: $? = 0
configure:9237: result: no
configure:9257: checking for gcc option to produce PIC
configure:9529: result: -fPIC -DPIC
configure:9541: checking if gcc PIC flag -fPIC -DPIC works
configure:9559: gcc -c -g -O2  -fPIC -DPIC -DPIC conftest.c >&5
configure:9563: $? = 0
configure:9576: result: yes
configure:9600: checking if gcc static flag -static works
configure:9628: result: yes
configure:9643: checking if gcc supports -c -o file.o
configure:9664: gcc -c -g -O2  -o out/conftest2.o conftest.c >&5
configure:9668: $? = 0
configure:9690: result: yes
configure:9698: checking if gcc supports -c -o file.o
configure:9745: result: yes
configure:9778: checking whether the gcc linker (/usr/bin/ld -m elf_x86_64) supports shared libraries
configure:10853: result: yes
configure:10890: checking whether -lc should be explicitly linked in
configure:10895: gcc -c -g -O2  conftest.c >&5
configure:10898: $? = 0
configure:10913: gcc -shared conftest.o  -v -Wl,-soname -Wl,conftest -o conftest 2\>\&1 \| /bin/grep  -lc  \>/dev/null 2\>\&1
configure:10916: $? = 0
configure:10928: result: no
configure:11092: checking dynamic linker characteristics
configure:11535: gcc -o conftest -g -O2   -Wl,-rpath -Wl,/foo conftest.c  >&5
configure:11542: $? = 0
configure:11787: result: GNU/Linux ld.so
configure:11889: checking how to hardcode library paths into programs
configure:11914: result: immediate
configure:12747: checking whether stripping libraries is possible
configure:12752: result: yes
configure:12787: checking if libtool supports shared libraries
configure:12789: result: yes
configure:12792: checking whether to build shared libraries
configure:12813: result: yes
configure:12816: checking whether to build static libraries
configure:12820: result: no
configure:12970: checking for ld used by g++
configure:13037: result: /usr/bin/ld -m elf_x86_64
configure:13046: checking if the linker (/usr/bin/ld -m elf_x86_64) is GNU ld
configure:13061: result: yes
configure:13116: checking whether the g++ linker (/usr/bin/ld -m elf_x86_64) supports shared libraries
configure:14091: result: yes
configure:14119: g++ -c -g -O2  conftest.cpp >&5
configure:14122: $? = 0
configure:14304: checking for g++ option to produce PIC
configure:14621: result: -fPIC -DPIC
configure:14630: checking if g++ PIC flag -fPIC -DPIC works
configure:14648: g++ -c -g -O2  -fPIC -DPIC -DPIC conftest.cpp >&5
configure:14652: $? = 0
configure:14665: result: yes
configure:14686: checking if g++ static flag -static works
configure:14714: result: yes
configure:14726: checking if g++ supports -c -o file.o
configure:14747: g++ -c -g -O2  -o out/conftest2.o conftest.cpp >&5
configure:14751: $? = 0
configure:14773: result: yes
configure:14778: checking if g++ supports -c -o file.o
configure:14825: result: yes
configure:14855: checking whether the g++ linker (/usr/bin/ld -m elf_x86_64) supports shared libraries
configure:14884: result: yes
configure:15021: checking dynamic linker characteristics
configure:15412: g++ -o conftest -g -O2   -Wl,-rpath -Wl,/foo conftest.cpp  >&5
configure:15419: $? = 0
configure:15664: result: GNU/Linux ld.so
configure:15715: checking how to hardcode library paths into programs
configure:15740: result: immediate
configure:15804: checking for gm4
configure:15834: result: no
configure:15804: checking for m4
configure:15820: found /usr/bin/m4
configure:15831: result: m4
configure:15845: checking whether m4 is GNU m4
configure:15851: result: no
configure:15865: checking whether make is GNU Make
configure:15868: result: yes
configure:15892: checking for perl
configure:15910: found /usr/bin/perl
configure:15922: result: /usr/bin/perl
configure:15937: checking whether Perl is new enough
configure:15947: result: yes
configure:15977: checking for mkfifo
configure:16033: gcc -o conftest -g -O2   conftest.c  >&5
configure:16040: $? = 0
configure:16060: result: yes
configure:16077: checking for flockfile
configure:16102: g++ -o conftest -g -O2   conftest.cpp  >&5
configure:16109: $? = 0
configure:16118: result: yes
configure:16205: checking for funlockfile
configure:16230: g++ -o conftest -g -O2   conftest.cpp  >&5
configure:16237: $? = 0
configure:16246: result: yes
configure:16333: checking for getc_unlocked
configure:16358: g++ -o conftest -g -O2   conftest.cpp  >&5
configure:16365: $? = 0
configure:16374: result: yes
configure:16533: checking for pkg-config
configure:16551: found /usr/bin/pkg-config
configure:16563: result: /usr/bin/pkg-config
configure:16588: checking pkg-config is at least version 0.9.0
configure:16591: result: yes
configure:16602: checking for ATKMM
configure:16610: $PKG_CONFIG --exists --print-errors "glibmm-2.4 >= ${gtkmm_min_glibmm_version} atk >= 1.9.0"
configure:16613: $? = 0
configure:16628: $PKG_CONFIG --exists --print-errors "glibmm-2.4 >= ${gtkmm_min_glibmm_version} atk >= 1.9.0"
configure:16631: $? = 0
configure:16709: result: yes
configure:16719: checking for GDKMM
configure:16730: $PKG_CONFIG --exists --print-errors "glibmm-2.4 >= ${gtkmm_min_glibmm_version}
                         cairomm-1.0 >= ${gtkmm_min_cairomm_version}
                         pangomm-1.4 >= ${gtkmm_min_pangomm_version}
                         gtk+-2.0 >= ${gtkmm_min_gtk_version}"
configure:16736: $? = 0
configure:16757: $PKG_CONFIG --exists --print-errors "glibmm-2.4 >= ${gtkmm_min_glibmm_version}
                         cairomm-1.0 >= ${gtkmm_min_cairomm_version}
                         pangomm-1.4 >= ${gtkmm_min_pangomm_version}
                         gtk+-2.0 >= ${gtkmm_min_gtk_version}"
configure:16763: $? = 0
configure:16856: result: yes
configure:16982: checking for GTKMM
configure:16990: $PKG_CONFIG --exists --print-errors "glibmm-2.4 >= ${gtkmm_min_glibmm_version} giomm-2.4 >= ${gtkmm_min_giomm_version} cairomm-1.0 >= ${gtkmm_min_cairomm_version} pangomm-1.4 >= ${gtkmm_min_pangomm_version} gtk+-2.0 >= ${gtkmm_min_gtk_version} gtk+-unix-print-2.0 >= ${gtkmm_min_gtk_version}"
configure:16993: $? = 0
configure:17008: $PKG_CONFIG --exists --print-errors "glibmm-2.4 >= ${gtkmm_min_glibmm_version} giomm-2.4 >= ${gtkmm_min_giomm_version} cairomm-1.0 >= ${gtkmm_min_cairomm_version} pangomm-1.4 >= ${gtkmm_min_pangomm_version} gtk+-2.0 >= ${gtkmm_min_gtk_version} gtk+-unix-print-2.0 >= ${gtkmm_min_gtk_version}"
configure:17011: $? = 0
configure:17089: result: yes
configure:17100: checking for GTHREAD
configure:17108: $PKG_CONFIG --exists --print-errors "gthread-2.0 >= 2.4.0"
configure:17111: $? = 0
configure:17126: $PKG_CONFIG --exists --print-errors "gthread-2.0 >= 2.4.0"
configure:17129: $? = 0
configure:17165: result: yes
configure:17250: checking for compiler warning flags to use
configure:17295: result: -Wall
configure:17327: WARNING: Deprecated API will be built, for backwards-compatibility.
configure:17643: creating ./config.status

## ---------------------- ##
## Running config.status. ##
## ---------------------- ##

This file was extended by gtkmm config.status 2.14.5, which was
generated by GNU Autoconf 2.63.  Invocation command line was

  CONFIG_FILES    = 
  CONFIG_HEADERS  = 
  CONFIG_LINKS    = 
  CONFIG_COMMANDS = 
  $ ./config.status 

on meinersbur-desktop

config.status:1170: creating demos/Makefile
config.status:1170: creating demos/gtk-demo/Makefile
config.status:1170: creating atk/Makefile
config.status:1170: creating atk/atkmm-1.6.pc
config.status:1170: creating atk/src/Makefile
config.status:1170: creating atk/atkmm/Makefile
config.status:1170: creating atk/atkmm/private/Makefile
config.status:1170: creating docs/Makefile
config.status:1170: creating docs/FAQ/Makefile
config.status:1170: creating docs/images/Makefile
config.status:1170: creating docs/reference/Makefile
config.status:1170: creating docs/reference/Doxyfile
config.status:1170: creating docs/reference/images/Makefile
config.status:1170: creating docs/reference/images/widgets/Makefile
config.status:1170: creating Makefile
config.status:1170: creating gdk/Makefile
config.status:1170: creating gdk/gdkmm-2.4.pc
config.status:1170: creating gdk/src/Makefile
config.status:1170: creating gdk/gdkmm/Makefile
config.status:1170: creating gdk/gdkmm/private/Makefile
config.status:1170: creating gtk/Makefile
config.status:1170: creating gtk/gtkmm-2.4.pc
config.status:1170: creating gtk/src/Makefile
config.status:1170: creating gtk/gtkmm/Makefile
config.status:1170: creating gtk/gtkmm/private/Makefile
config.status:1170: creating tools/Makefile
config.status:1170: creating tools/m4/Makefile
config.status:1170: creating tools/extra_defs_gen/Makefile
config.status:1170: creating tests/Makefile
config.status:1170: creating tests/child_widget/Makefile
config.status:1170: creating tests/child_widget2/Makefile
config.status:1170: creating tests/child_widget_managed/Makefile
config.status:1170: creating tests/refcount_dialog/Makefile
config.status:1170: creating tests/dialog/Makefile
config.status:1170: creating tests/dialog_deletethis/Makefile
config.status:1170: creating tests/delete_cpp_child/Makefile
config.status:1170: creating tests/main_with_options/Makefile
config.status:1170: creating tests/menu_destruction/Makefile
config.status:1170: creating tests/property_notification/Makefile
config.status:1170: creating tests/scrolledwindow/Makefile
config.status:1170: creating tests/wrap_existing/Makefile
config.status:1170: creating scripts/Makefile
config.status:1170: creating MSVC_Net2005/Makefile
config.status:1170: creating MSVC_Net2005/gendef/Makefile
config.status:1170: creating MSVC_Net2005/atkmm/Makefile
config.status:1170: creating MSVC_Net2005/atkmm/atkmm.rc
config.status:1170: creating MSVC_Net2005/gdkmm/Makefile
config.status:1170: creating MSVC_Net2005/gdkmm/gdkmm.rc
config.status:1170: creating MSVC_Net2005/gtkmm/Makefile
config.status:1170: creating MSVC_Net2005/gtkmm/gtkmm.rc
config.status:1170: creating MSVC_Net2005/demos/Makefile
config.status:1170: creating MSVC_Net2005/demos/gtk-demo/Makefile
config.status:1170: creating MSVC_Net2008/Makefile
config.status:1170: creating MSVC_Net2008/gendef/Makefile
config.status:1170: creating MSVC_Net2008/atkmm/Makefile
config.status:1170: creating MSVC_Net2008/atkmm/atkmm.rc
config.status:1170: creating MSVC_Net2008/gdkmm/Makefile
config.status:1170: creating MSVC_Net2008/gdkmm/gdkmm.rc
config.status:1170: creating MSVC_Net2008/gtkmm/Makefile
config.status:1170: creating MSVC_Net2008/gtkmm/gtkmm.rc
config.status:1170: creating MSVC_Net2008/demos/Makefile
config.status:1170: creating MSVC_Net2008/demos/gtk-demo/Makefile
config.status:1170: creating win32_installer/Makefile
config.status:1170: creating win32_installer/NSISLibrary/Makefile
config.status:1170: creating win32_installer/translations/Makefile
config.status:1170: creating win32_installer/gtkmm-installer.nsi
config.status:1170: creating config.h
config.status:1170: creating gdk/gdkmmconfig.h
config.status:1170: creating gtk/gtkmmconfig.h
config.status:1444: executing depfiles commands
config.status:1444: executing libtool commands

## ---------------- ##
## Cache variables. ##
## ---------------- ##

ac_cv_build=x86_64-unknown-linux-gnu
ac_cv_c_compiler_gnu=yes
ac_cv_cxx_compiler_gnu=yes
ac_cv_env_ATKMM_CFLAGS_set=
ac_cv_env_ATKMM_CFLAGS_value=
ac_cv_env_ATKMM_LIBS_set=
ac_cv_env_ATKMM_LIBS_value=
ac_cv_env_CCC_set=
ac_cv_env_CCC_value=
ac_cv_env_CC_set=
ac_cv_env_CC_value=
ac_cv_env_CFLAGS_set=
ac_cv_env_CFLAGS_value=
ac_cv_env_CPPFLAGS_set=
ac_cv_env_CPPFLAGS_value=
ac_cv_env_CPP_set=
ac_cv_env_CPP_value=
ac_cv_env_CXXCPP_set=
ac_cv_env_CXXCPP_value=
ac_cv_env_CXXFLAGS_set=
ac_cv_env_CXXFLAGS_value=
ac_cv_env_CXX_set=
ac_cv_env_CXX_value=
ac_cv_env_GDKMM_CFLAGS_set=
ac_cv_env_GDKMM_CFLAGS_value=
ac_cv_env_GDKMM_LIBS_set=
ac_cv_env_GDKMM_LIBS_value=
ac_cv_env_GTHREAD_CFLAGS_set=
ac_cv_env_GTHREAD_CFLAGS_value=
ac_cv_env_GTHREAD_LIBS_set=
ac_cv_env_GTHREAD_LIBS_value=
ac_cv_env_GTKMM_CFLAGS_set=
ac_cv_env_GTKMM_CFLAGS_value=
ac_cv_env_GTKMM_LIBS_set=
ac_cv_env_GTKMM_LIBS_value=
ac_cv_env_LDFLAGS_set=
ac_cv_env_LDFLAGS_value=
ac_cv_env_LIBS_set=
ac_cv_env_LIBS_value=
ac_cv_env_PKG_CONFIG_set=
ac_cv_env_PKG_CONFIG_value=
ac_cv_env_build_alias_set=
ac_cv_env_build_alias_value=
ac_cv_env_host_alias_set=
ac_cv_env_host_alias_value=
ac_cv_env_target_alias_set=
ac_cv_env_target_alias_value=
ac_cv_func_mkfifo=yes
ac_cv_header_dlfcn_h=yes
ac_cv_header_inttypes_h=yes
ac_cv_header_memory_h=yes
ac_cv_header_stdc=yes
ac_cv_header_stdint_h=yes
ac_cv_header_stdlib_h=yes
ac_cv_header_string_h=yes
ac_cv_header_strings_h=yes
ac_cv_header_sys_stat_h=yes
ac_cv_header_sys_types_h=yes
ac_cv_header_unistd_h=yes
ac_cv_host=x86_64-unknown-linux-gnu
ac_cv_objext=o
ac_cv_path_EGREP='/bin/grep -E'
ac_cv_path_FGREP='/bin/grep -F'
ac_cv_path_GREP=/bin/grep
ac_cv_path_PERL_PATH=/usr/bin/perl
ac_cv_path_SED=/bin/sed
ac_cv_path_ac_pt_PKG_CONFIG=/usr/bin/pkg-config
ac_cv_path_install='/usr/bin/install -c'
ac_cv_path_mkdir=/bin/mkdir
ac_cv_prog_AWK=gawk
ac_cv_prog_CPP='gcc -E'
ac_cv_prog_CXXCPP='g++ -E'
ac_cv_prog_M4=m4
ac_cv_prog_ac_ct_AR=ar
ac_cv_prog_ac_ct_CC=gcc
ac_cv_prog_ac_ct_CXX=g++
ac_cv_prog_ac_ct_OBJDUMP=objdump
ac_cv_prog_ac_ct_RANLIB=ranlib
ac_cv_prog_ac_ct_STRIP=strip
ac_cv_prog_cc_c89=
ac_cv_prog_cc_g=yes
ac_cv_prog_cxx_g=yes
ac_cv_prog_make_make_set=yes
am_cv_CC_dependencies_compiler_type=gcc3
am_cv_CXX_dependencies_compiler_type=gcc3
am_cv_prog_tar_ustar=gnutar
glibmm_cv_perl_version_5_6_0=yes
lt_cv_deplibs_check_method=pass_all
lt_cv_file_magic_cmd='$MAGIC_CMD'
lt_cv_file_magic_test_file=
lt_cv_ld_reload_flag=-r
lt_cv_nm_interface='BSD nm'
lt_cv_objdir=.libs
lt_cv_path_LD=/usr/bin/ld
lt_cv_path_LDCXX='/usr/bin/ld -m elf_x86_64'
lt_cv_path_NM='/usr/bin/nm -B'
lt_cv_prog_compiler_c_o=yes
lt_cv_prog_compiler_c_o_CXX=yes
lt_cv_prog_compiler_pic_works=yes
lt_cv_prog_compiler_pic_works_CXX=yes
lt_cv_prog_compiler_rtti_exceptions=no
lt_cv_prog_compiler_static_works=yes
lt_cv_prog_compiler_static_works_CXX=yes
lt_cv_prog_gnu_ld=yes
lt_cv_prog_gnu_ldcxx=yes
lt_cv_sys_global_symbol_pipe='sed -n -e '\''s/^.*[	 ]\([ABCDGIRSTW][ABCDGIRSTW]*\)[	 ][	 ]*\([_A-Za-z][_A-Za-z0-9]*\)$/\1 \2 \2/p'\'''
lt_cv_sys_global_symbol_to_c_name_address='sed -n -e '\''s/^: \([^ ]*\) $/  {\"\1\", (void *) 0},/p'\'' -e '\''s/^[ABCDGIRSTW]* \([^ ]*\) \([^ ]*\)$/  {"\2", (void *) \&\2},/p'\'''
lt_cv_sys_global_symbol_to_c_name_address_lib_prefix='sed -n -e '\''s/^: \([^ ]*\) $/  {\"\1\", (void *) 0},/p'\'' -e '\''s/^[ABCDGIRSTW]* \([^ ]*\) \(lib[^ ]*\)$/  {"\2", (void *) \&\2},/p'\'' -e '\''s/^[ABCDGIRSTW]* \([^ ]*\) \([^ ]*\)$/  {"lib\2", (void *) \&\2},/p'\'''
lt_cv_sys_global_symbol_to_cdecl='sed -n -e '\''s/^T .* \(.*\)$/extern int \1();/p'\'' -e '\''s/^[ABCDGIRSTW]* .* \(.*\)$/extern char \1;/p'\'''
lt_cv_sys_max_cmd_len=1572864
pkg_cv_ATKMM_CFLAGS='-pthread -I/usr/local/include/glibmm-2.4 -I/usr/local/lib/glibmm-2.4/include -I/usr/local/include/sigc++-2.0 -I/usr/local/lib/sigc++-2.0/include -I/usr/local/include/glib-2.0 -I/usr/local/lib/glib-2.0/include -I/usr/include/atk-1.0  '
pkg_cv_ATKMM_LIBS='-pthread -L/usr/local/lib -lglibmm-2.4 -lsigc-2.0 -latk-1.0 -lgobject-2.0 -lgthread-2.0 -lrt -lglib-2.0  '
pkg_cv_GDKMM_CFLAGS='-pthread -I/usr/local/include/glibmm-2.4 -I/usr/local/lib/glibmm-2.4/include -I/usr/local/include/sigc++-2.0 -I/usr/local/lib/sigc++-2.0/include -I/usr/local/include/glib-2.0 -I/usr/local/lib/glib-2.0/include -I/usr/local/include/cairomm-1.0 -I/usr/local/lib/cairomm-1.0/include -I/usr/local/include/pangomm-1.4 -I/usr/local/include/gio-unix-2.0/ -I/usr/include/cairo -I/usr/include/pixman-1 -I/usr/include/freetype2 -I/usr/include/libpng12 -I/usr/include/pango-1.0 -I/usr/include/gtk-2.0 -I/usr/lib/gtk-2.0/include -I/usr/include/atk-1.0 -I/usr/include/gdk-pixbuf-2.0  '
pkg_cv_GDKMM_LIBS='-pthread -L/usr/local/lib -lpangomm-1.4 -lglibmm-2.4 -lcairomm-1.0 -lsigc-2.0 -lgtk-x11-2.0 -lgdk-x11-2.0 -latk-1.0 -lgio-2.0 -lpangoft2-1.0 -lpangocairo-1.0 -lgdk_pixbuf-2.0 -lm -lcairo -lpng12 -lpango-1.0 -lfreetype -lfontconfig -lgobject-2.0 -lgmodule-2.0 -lgthread-2.0 -lrt -lglib-2.0  '
pkg_cv_GTHREAD_CFLAGS='-pthread -I/usr/local/include/glib-2.0 -I/usr/local/lib/glib-2.0/include  '
pkg_cv_GTHREAD_LIBS='-pthread -L/usr/local/lib -lgthread-2.0 -lrt -lglib-2.0  '
pkg_cv_GTKMM_CFLAGS='-pthread -I/usr/local/include/glibmm-2.4 -I/usr/local/lib/glibmm-2.4/include -I/usr/local/include/sigc++-2.0 -I/usr/local/lib/sigc++-2.0/include -I/usr/local/include/glib-2.0 -I/usr/local/lib/glib-2.0/include -I/usr/local/include/giomm-2.4 -I/usr/local/lib/giomm-2.4/include -I/usr/local/include/cairomm-1.0 -I/usr/local/lib/cairomm-1.0/include -I/usr/local/include/pangomm-1.4 -I/usr/local/include/gio-unix-2.0/ -I/usr/include/cairo -I/usr/include/pixman-1 -I/usr/include/freetype2 -I/usr/include/libpng12 -I/usr/include/pango-1.0 -I/usr/include/gtk-2.0 -I/usr/lib/gtk-2.0/include -I/usr/include/atk-1.0 -I/usr/include/gdk-pixbuf-2.0 -I/usr/include/gtk-unix-print-2.0  '
pkg_cv_GTKMM_LIBS='-pthread -L/usr/local/lib -lgiomm-2.4 -lpangomm-1.4 -lglibmm-2.4 -lcairomm-1.0 -lsigc-2.0 -lgtk-x11-2.0 -lgdk-x11-2.0 -latk-1.0 -lgio-2.0 -lpangoft2-1.0 -lpangocairo-1.0 -lgdk_pixbuf-2.0 -lm -lcairo -lpng12 -lpango-1.0 -lfreetype -lfontconfig -lgobject-2.0 -lgmodule-2.0 -lgthread-2.0 -lrt -lglib-2.0  '

## ----------------- ##
## Output variables. ##
## ----------------- ##

ACLOCAL='${SHELL} /home/meinersbur/monagui/contrib/gtkmm/scripts/missing --run aclocal-1.10 -I ./scripts'
AMDEPBACKSLASH='\'
AMDEP_FALSE='#'
AMDEP_TRUE=''
AMTAR='${SHELL} /home/meinersbur/monagui/contrib/gtkmm/scripts/missing --run tar'
AR='ar'
AS='as'
ATKMM_CFLAGS='-pthread -I/usr/local/include/glibmm-2.4 -I/usr/local/lib/glibmm-2.4/include -I/usr/local/include/sigc++-2.0 -I/usr/local/lib/sigc++-2.0/include -I/usr/local/include/glib-2.0 -I/usr/local/lib/glib-2.0/include -I/usr/include/atk-1.0  '
ATKMM_LIBS='-pthread -L/usr/local/lib -lglibmm-2.4 -lsigc-2.0 -latk-1.0 -lgobject-2.0 -lgthread-2.0 -lrt -lglib-2.0  '
AUTOCONF='${SHELL} /home/meinersbur/monagui/contrib/gtkmm/scripts/missing --run autoconf'
AUTOHEADER=':'
AUTOMAKE='${SHELL} /home/meinersbur/monagui/contrib/gtkmm/scripts/missing --run automake-1.10'
AWK='gawk'
CC='gcc'
CCDEPMODE='depmode=gcc3'
CFLAGS='-g -O2'
CPP='gcc -E'
CPPFLAGS=''
CXX='g++'
CXXCPP='g++ -E'
CXXDEPMODE='depmode=gcc3'
CXXFLAGS='-g -O2 -Wall'
CYGPATH_W='echo'
DEFS='-DHAVE_CONFIG_H'
DEMO_SUBDIR='demos'
DEPDIR='.deps'
DISABLE_DEPRECATED_API_CFLAGS=''
DISABLE_DEPRECATED_CFLAGS=''
DLLTOOL='dlltool'
DOCS_SUBDIR='docs'
DSYMUTIL=''
DUMPBIN=''
ECHO_C=''
ECHO_N='-n'
ECHO_T=''
EGREP='/bin/grep -E'
EXEEXT=''
FGREP='/bin/grep -F'
GDKMM_CFLAGS='-pthread -I/usr/local/include/glibmm-2.4 -I/usr/local/lib/glibmm-2.4/include -I/usr/local/include/sigc++-2.0 -I/usr/local/lib/sigc++-2.0/include -I/usr/local/include/glib-2.0 -I/usr/local/lib/glib-2.0/include -I/usr/local/include/cairomm-1.0 -I/usr/local/lib/cairomm-1.0/include -I/usr/local/include/pangomm-1.4 -I/usr/local/include/gio-unix-2.0/ -I/usr/include/cairo -I/usr/include/pixman-1 -I/usr/include/freetype2 -I/usr/include/libpng12 -I/usr/include/pango-1.0 -I/usr/include/gtk-2.0 -I/usr/lib/gtk-2.0/include -I/usr/include/atk-1.0 -I/usr/include/gdk-pixbuf-2.0  '
GDKMM_LIBS='-pthread -L/usr/local/lib -lpangomm-1.4 -lglibmm-2.4 -lcairomm-1.0 -lsigc-2.0 -lgtk-x11-2.0 -lgdk-x11-2.0 -latk-1.0 -lgio-2.0 -lpangoft2-1.0 -lpangocairo-1.0 -lgdk_pixbuf-2.0 -lm -lcairo -lpng12 -lpango-1.0 -lfreetype -lfontconfig -lgobject-2.0 -lgmodule-2.0 -lgthread-2.0 -lrt -lglib-2.0  '
GMMPROC='/usr/local/lib/glibmm-2.4/proc/gmmproc'
GMMPROC_DIR='/usr/local/lib/glibmm-2.4/proc'
GREP='/bin/grep'
GTHREAD_CFLAGS='-pthread -I/usr/local/include/glib-2.0 -I/usr/local/lib/glib-2.0/include  '
GTHREAD_LIBS='-pthread -L/usr/local/lib -lgthread-2.0 -lrt -lglib-2.0  '
GTKMM_ATKMM_ENABLED_FALSE='#'
GTKMM_ATKMM_ENABLED_TRUE=''
GTKMM_CFLAGS='-pthread -I/usr/local/include/glibmm-2.4 -I/usr/local/lib/glibmm-2.4/include -I/usr/local/include/sigc++-2.0 -I/usr/local/lib/sigc++-2.0/include -I/usr/local/include/glib-2.0 -I/usr/local/lib/glib-2.0/include -I/usr/local/include/giomm-2.4 -I/usr/local/lib/giomm-2.4/include -I/usr/local/include/cairomm-1.0 -I/usr/local/lib/cairomm-1.0/include -I/usr/local/include/pangomm-1.4 -I/usr/local/include/gio-unix-2.0/ -I/usr/include/cairo -I/usr/include/pixman-1 -I/usr/include/freetype2 -I/usr/include/libpng12 -I/usr/include/pango-1.0 -I/usr/include/gtk-2.0 -I/usr/lib/gtk-2.0/include -I/usr/include/atk-1.0 -I/usr/include/gdk-pixbuf-2.0 -I/usr/include/gtk-unix-print-2.0  '
GTKMM_DOXYGEN_INPUT=' /home/meinersbur/monagui/contrib/gtkmm/atk/atkmm/ /home/meinersbur/monagui/contrib/gtkmm/gdk/gdkmm/ /home/meinersbur/monagui/contrib/gtkmm/gtk/gtkmm/'
GTKMM_FALSE_FALSE=''
GTKMM_FALSE_TRUE='#'
GTKMM_LIBS='-pthread -L/usr/local/lib -lgiomm-2.4 -lpangomm-1.4 -lglibmm-2.4 -lcairomm-1.0 -lsigc-2.0 -lgtk-x11-2.0 -lgdk-x11-2.0 -latk-1.0 -lgio-2.0 -lpangoft2-1.0 -lpangocairo-1.0 -lgdk_pixbuf-2.0 -lm -lcairo -lpng12 -lpango-1.0 -lfreetype -lfontconfig -lgobject-2.0 -lgmodule-2.0 -lgthread-2.0 -lrt -lglib-2.0  '
GTKMM_MAJOR_VERSION='2'
GTKMM_MICRO_VERSION='5'
GTKMM_MINOR_VERSION='14'
GTKMM_PC_ATKMM_DEP='atkmm-1.6'
GTKMM_RELEASE='2.14'
GTKMM_VERSION='2.14.5'
INSTALL_DATA='${INSTALL} -m 644'
INSTALL_PROGRAM='${INSTALL}'
INSTALL_SCRIPT='${INSTALL}'
INSTALL_STRIP_PROGRAM='$(install_sh) -c -s'
LD='/usr/bin/ld -m elf_x86_64'
LDFLAGS=''
LIBGTKMM_SO_VERSION='1:30:0'
LIBOBJS=''
LIBS=''
LIBTOOL='$(SHELL) $(top_builddir)/libtool'
LIPO=''
LN_S='ln -s'
LTLIBOBJS=''
M4='m4'
MAINT='#'
MAINTAINER_MODE_FALSE=''
MAINTAINER_MODE_TRUE='#'
MAKEINFO='${SHELL} /home/meinersbur/monagui/contrib/gtkmm/scripts/missing --run makeinfo'
MKDIR_P='/bin/mkdir -p'
NM='/usr/bin/nm -B'
NMEDIT=''
OBJDUMP='objdump'
OBJEXT='o'
OS_WIN32_FALSE=''
OS_WIN32_TRUE='#'
OTOOL64=''
OTOOL=''
PACKAGE='gtkmm'
PACKAGE_BUGREPORT='gtkmm-list@gnome.org'
PACKAGE_NAME='gtkmm'
PACKAGE_STRING='gtkmm 2.14.5'
PACKAGE_TARNAME='gtkmm'
PACKAGE_VERSION='2.14.5'
PATH_SEPARATOR=':'
PERL_PATH='/usr/bin/perl'
PKG_CONFIG='/usr/bin/pkg-config'
PLATFORM_WIN32_FALSE=''
PLATFORM_WIN32_TRUE='#'
RANLIB='ranlib'
SED='/bin/sed'
SET_MAKE=''
SHELL='/bin/bash'
STRIP='strip'
VERSION='2.14.5'
ac_ct_CC='gcc'
ac_ct_CXX='g++'
ac_ct_DUMPBIN=''
am__fastdepCC_FALSE='#'
am__fastdepCC_TRUE=''
am__fastdepCXX_FALSE='#'
am__fastdepCXX_TRUE=''
am__include='include'
am__isrc=''
am__leading_dot='.'
am__quote=''
am__tar='tar --format=ustar -chf - "$$tardir"'
am__untar='tar -xf -'
bindir='${exec_prefix}/bin'
build='x86_64-unknown-linux-gnu'
build_alias=''
build_cpu='x86_64'
build_os='linux-gnu'
build_vendor='unknown'
datadir='${datarootdir}'
datarootdir='${prefix}/share'
docdir='${datarootdir}/doc/${PACKAGE_TARNAME}'
dvidir='${docdir}'
exec_prefix='${prefix}'
host='x86_64-unknown-linux-gnu'
host_alias=''
host_cpu='x86_64'
host_os='linux-gnu'
host_vendor='unknown'
htmldir='${docdir}'
includedir='${prefix}/include'
infodir='${datarootdir}/info'
install_sh='$(SHELL) /home/meinersbur/monagui/contrib/gtkmm/scripts/install-sh'
libdir='${exec_prefix}/lib'
libexecdir='${exec_prefix}/libexec'
localedir='${datarootdir}/locale'
localstatedir='${prefix}/var'
lt_ECHO='echo'
mandir='${datarootdir}/man'
mkdir_p='/bin/mkdir -p'
oldincludedir='/usr/include'
pdfdir='${docdir}'
prefix='/usr/local'
program_transform_name='s,x,x,'
psdir='${docdir}'
sbindir='${exec_prefix}/sbin'
sharedstatedir='${prefix}/com'
sysconfdir='${prefix}/etc'
target_alias=''

## ----------- ##
## confdefs.h. ##
## ----------- ##

#define PACKAGE_NAME "gtkmm"
#define PACKAGE_TARNAME "gtkmm"
#define PACKAGE_VERSION "2.14.5"
#define PACKAGE_STRING "gtkmm 2.14.5"
#define PACKAGE_BUGREPORT "gtkmm-list@gnome.org"
#define GTKMM_MAJOR_VERSION 2
#define GTKMM_MINOR_VERSION 14
#define GTKMM_MICRO_VERSION 5
#define PACKAGE "gtkmm"
#define VERSION "2.14.5"
#define STDC_HEADERS 1
#define HAVE_SYS_TYPES_H 1
#define HAVE_SYS_STAT_H 1
#define HAVE_STDLIB_H 1
#define HAVE_STRING_H 1
#define HAVE_MEMORY_H 1
#define HAVE_STRINGS_H 1
#define HAVE_INTTYPES_H 1
#define HAVE_STDINT_H 1
#define HAVE_UNISTD_H 1
#define HAVE_DLFCN_H 1
#define LT_OBJDIR ".libs/"
#define HAVE_MKFIFO 1
#define HAVE_FLOCKFILE 1
#define HAVE_FUNLOCKFILE 1
#define HAVE_GETC_UNLOCKED 1
#define GTKMM_ATKMM_ENABLED 1

configure: exit 0
